[2015-04-07 15:47:57,720][INFO ][node                     ] [Anti-Cap] version[1.5.0], pid[28344], build[5448160/2015-03-23T14:30:58Z]
[2015-04-07 15:47:57,721][INFO ][node                     ] [Anti-Cap] initializing ...
[2015-04-07 15:47:57,726][INFO ][plugins                  ] [Anti-Cap] loaded [], sites []
[2015-04-07 15:48:09,082][INFO ][node                     ] [Anti-Cap] initialized
[2015-04-07 15:48:09,083][INFO ][node                     ] [Anti-Cap] starting ...
[2015-04-07 15:48:09,329][INFO ][transport                ] [Anti-Cap] bound_address {inet[/0:0:0:0:0:0:0:0:9300]}, publish_address {inet[/172.24.105.57:9300]}
[2015-04-07 15:48:09,528][INFO ][discovery                ] [Anti-Cap] elasticsearch/lsCA639OTH6T1TaoCoXDgA
[2015-04-07 15:48:13,354][INFO ][cluster.service          ] [Anti-Cap] new_master [Anti-Cap][lsCA639OTH6T1TaoCoXDgA][needle][inet[/172.24.105.57:9300]], reason: zen-disco-join (elected_as_master)
[2015-04-07 15:48:13,455][INFO ][http                     ] [Anti-Cap] bound_address {inet[/0:0:0:0:0:0:0:0:9200]}, publish_address {inet[/172.24.105.57:9200]}
[2015-04-07 15:48:13,455][INFO ][node                     ] [Anti-Cap] started
[2015-04-07 15:48:13,663][INFO ][gateway                  ] [Anti-Cap] recovered [0] indices into cluster_state
[2015-04-07 15:48:49,774][INFO ][node                     ] [Nebulo] version[1.5.0], pid[28528], build[5448160/2015-03-23T14:30:58Z]
[2015-04-07 15:48:49,798][INFO ][node                     ] [Nebulo] initializing ...
[2015-04-07 15:48:49,819][INFO ][plugins                  ] [Nebulo] loaded [], sites []
[2015-04-07 15:49:39,438][INFO ][node                     ] [Nebulo] initialized
[2015-04-07 15:49:39,530][INFO ][node                     ] [Nebulo] starting ...
[2015-04-07 15:49:50,502][INFO ][transport                ] [Nebulo] bound_address {inet[/0:0:0:0:0:0:0:0:9301]}, publish_address {inet[/172.24.105.57:9301]}
[2015-04-07 15:49:53,545][INFO ][discovery                ] [Nebulo] elasticsearch/Wstp7upqT6aKZh_5_kSaOA
[2015-04-07 15:50:00,088][INFO ][cluster.service          ] [Anti-Cap] added {[Nebulo][Wstp7upqT6aKZh_5_kSaOA][needle][inet[/172.24.105.57:9301]],}, reason: zen-disco-receive(join from node[[Nebulo][Wstp7upqT6aKZh_5_kSaOA][needle][inet[/172.24.105.57:9301]]])
[2015-04-07 15:50:01,779][INFO ][cluster.service          ] [Nebulo] detected_master [Anti-Cap][lsCA639OTH6T1TaoCoXDgA][needle][inet[/172.24.105.57:9300]], added {[Anti-Cap][lsCA639OTH6T1TaoCoXDgA][needle][inet[/172.24.105.57:9300]],}, reason: zen-disco-receive(from master [[Anti-Cap][lsCA639OTH6T1TaoCoXDgA][needle][inet[/172.24.105.57:9300]]])
[2015-04-07 15:50:06,867][INFO ][http                     ] [Nebulo] bound_address {inet[/0:0:0:0:0:0:0:0:9201]}, publish_address {inet[/172.24.105.57:9201]}
[2015-04-07 15:50:06,867][INFO ][node                     ] [Nebulo] started
[2015-04-07 15:52:40,339][INFO ][cluster.metadata         ] [Anti-Cap] [projects_development_20150407155238033] creating index, cause [api], templates [], shards [5]/[1], mappings [_default_]
[2015-04-07 15:52:49,889][INFO ][cluster.metadata         ] [Anti-Cap] [projects_development_20150407155238033] update_mapping [project] (dynamic)
[2015-04-07 15:52:59,542][INFO ][cluster.metadata         ] [Anti-Cap] [programs_development_20150407155259443] creating index, cause [api], templates [], shards [5]/[1], mappings [_default_]
[2015-04-07 15:53:05,909][INFO ][cluster.metadata         ] [Anti-Cap] [programs_development_20150407155259443] update_mapping [program] (dynamic)
[2015-04-07 15:53:17,205][INFO ][cluster.metadata         ] [Anti-Cap] [users_development_20150407155317123] creating index, cause [api], templates [], shards [5]/[1], mappings [_default_]
[2015-04-07 15:53:18,970][INFO ][cluster.metadata         ] [Anti-Cap] [users_development_20150407155317123] update_mapping [user] (dynamic)
[2015-04-07 15:58:00,719][INFO ][node                     ] [Nebulo] stopping ...
[2015-04-07 15:58:03,148][INFO ][cluster.service          ] [Anti-Cap] removed {[Nebulo][Wstp7upqT6aKZh_5_kSaOA][needle][inet[/172.24.105.57:9301]],}, reason: zen-disco-node_left([Nebulo][Wstp7upqT6aKZh_5_kSaOA][needle][inet[/172.24.105.57:9301]])
[2015-04-07 15:58:20,941][INFO ][node                     ] [Nebulo] stopped
[2015-04-07 15:58:20,941][INFO ][node                     ] [Nebulo] closing ...
[2015-04-07 15:58:21,050][INFO ][node                     ] [Nebulo] closed
[2015-04-07 16:56:41,167][INFO ][cluster.metadata         ] [Anti-Cap] [projects_development_20150407165628991] creating index, cause [api], templates [], shards [5]/[1], mappings [_default_]
[2015-04-07 16:56:55,533][INFO ][cluster.metadata         ] [Anti-Cap] [projects_development_20150407165628991] update_mapping [project] (dynamic)
[2015-04-07 16:56:56,960][INFO ][cluster.metadata         ] [Anti-Cap] [projects_development_20150407155238033] deleting index
[2015-04-07 17:16:59,389][WARN ][monitor.jvm              ] [Anti-Cap] [gc][young][5306][4] duration [15.1s], collections [1]/[15.7s], total [15.1s]/[15.5s], memory [130.9mb]->[30.1mb]/[1011.2mb], all_pools {[young] [102.2mb]->[1.4mb]/[102.5mb]}{[survivor] [11mb]->[5.2mb]/[12.7mb]}{[old] [17.5mb]->[23.4mb]/[896mb]}
[2015-04-07 17:51:37,282][INFO ][node                     ] [Anti-Cap] stopping ...
[2015-04-07 17:51:40,184][INFO ][node                     ] [Anti-Cap] stopped
[2015-04-07 17:51:40,185][INFO ][node                     ] [Anti-Cap] closing ...
[2015-04-07 17:51:40,533][INFO ][node                     ] [Anti-Cap] closed
[2015-04-07 17:51:46,581][INFO ][node                     ] [Kilmer] version[1.5.0], pid[6363], build[5448160/2015-03-23T14:30:58Z]
[2015-04-07 17:51:46,582][INFO ][node                     ] [Kilmer] initializing ...
[2015-04-07 17:51:46,610][INFO ][plugins                  ] [Kilmer] loaded [], sites []
[2015-04-07 17:51:57,620][INFO ][node                     ] [Kilmer] initialized
[2015-04-07 17:51:57,621][INFO ][node                     ] [Kilmer] starting ...
[2015-04-07 17:51:57,929][INFO ][transport                ] [Kilmer] bound_address {inet[/0:0:0:0:0:0:0:0:9300]}, publish_address {inet[/172.24.105.57:9300]}
[2015-04-07 17:51:58,041][INFO ][discovery                ] [Kilmer] elasticsearch/iilL54CTR-mVpC2NOikv7Q
[2015-04-07 17:52:01,825][INFO ][cluster.service          ] [Kilmer] new_master [Kilmer][iilL54CTR-mVpC2NOikv7Q][needle][inet[/172.24.105.57:9300]], reason: zen-disco-join (elected_as_master)
[2015-04-07 17:52:01,857][INFO ][http                     ] [Kilmer] bound_address {inet[/0:0:0:0:0:0:0:0:9200]}, publish_address {inet[/172.24.105.57:9200]}
[2015-04-07 17:52:01,858][INFO ][node                     ] [Kilmer] started
[2015-04-07 17:52:03,124][INFO ][gateway                  ] [Kilmer] recovered [3] indices into cluster_state
[2015-04-07 17:52:48,363][INFO ][node                     ] [Kilmer] stopping ...
[2015-04-07 17:52:48,415][INFO ][node                     ] [Kilmer] stopped
[2015-04-07 17:52:48,415][INFO ][node                     ] [Kilmer] closing ...
[2015-04-07 17:52:48,418][INFO ][node                     ] [Kilmer] closed
[2015-04-07 17:52:50,434][INFO ][node                     ] [Raymond Sikorsky] version[1.5.0], pid[6493], build[5448160/2015-03-23T14:30:58Z]
[2015-04-07 17:52:50,434][INFO ][node                     ] [Raymond Sikorsky] initializing ...
[2015-04-07 17:52:50,439][INFO ][plugins                  ] [Raymond Sikorsky] loaded [], sites []
[2015-04-07 17:52:53,088][INFO ][node                     ] [Raymond Sikorsky] initialized
[2015-04-07 17:52:53,089][INFO ][node                     ] [Raymond Sikorsky] starting ...
[2015-04-07 17:52:53,228][INFO ][transport                ] [Raymond Sikorsky] bound_address {inet[/0:0:0:0:0:0:0:0:9300]}, publish_address {inet[/172.24.105.57:9300]}
[2015-04-07 17:52:53,273][INFO ][discovery                ] [Raymond Sikorsky] elasticsearch/xKyuLkFqRj-3uPc88wJZXw
[2015-04-07 17:52:57,052][INFO ][cluster.service          ] [Raymond Sikorsky] new_master [Raymond Sikorsky][xKyuLkFqRj-3uPc88wJZXw][needle][inet[/172.24.105.57:9300]], reason: zen-disco-join (elected_as_master)
[2015-04-07 17:52:57,084][INFO ][http                     ] [Raymond Sikorsky] bound_address {inet[/0:0:0:0:0:0:0:0:9200]}, publish_address {inet[/172.24.105.57:9200]}
[2015-04-07 17:52:57,085][INFO ][node                     ] [Raymond Sikorsky] started
[2015-04-07 17:52:57,868][INFO ][gateway                  ] [Raymond Sikorsky] recovered [3] indices into cluster_state
[2015-04-07 19:39:42,078][INFO ][node                     ] [Jessica Drew] version[1.5.0], pid[32403], build[5448160/2015-03-23T14:30:58Z]
[2015-04-07 19:39:42,079][INFO ][node                     ] [Jessica Drew] initializing ...
[2015-04-07 19:39:42,081][INFO ][plugins                  ] [Jessica Drew] loaded [], sites []
[2015-04-07 19:39:43,950][INFO ][node                     ] [Jessica Drew] initialized
[2015-04-07 19:39:43,950][INFO ][node                     ] [Jessica Drew] starting ...
[2015-04-07 19:39:44,090][INFO ][transport                ] [Jessica Drew] bound_address {inet[/0:0:0:0:0:0:0:0:9300]}, publish_address {inet[/192.168.1.9:9300]}
[2015-04-07 19:39:44,105][INFO ][discovery                ] [Jessica Drew] elasticsearch/3lYdYD_sTfG7bjXL1XaILg
[2015-04-07 19:39:47,884][INFO ][cluster.service          ] [Jessica Drew] new_master [Jessica Drew][3lYdYD_sTfG7bjXL1XaILg][PO][inet[/192.168.1.9:9300]], reason: zen-disco-join (elected_as_master)
[2015-04-07 19:39:47,928][INFO ][http                     ] [Jessica Drew] bound_address {inet[/0:0:0:0:0:0:0:0:9200]}, publish_address {inet[/192.168.1.9:9200]}
[2015-04-07 19:39:47,929][INFO ][node                     ] [Jessica Drew] started
[2015-04-07 19:39:48,525][INFO ][gateway                  ] [Jessica Drew] recovered [3] indices into cluster_state
[2015-04-07 19:40:27,854][INFO ][node                     ] [Lilith, the Daughter of Dracula ] version[1.5.0], pid[32658], build[5448160/2015-03-23T14:30:58Z]
[2015-04-07 19:40:27,855][INFO ][node                     ] [Lilith, the Daughter of Dracula ] initializing ...
[2015-04-07 19:40:27,858][INFO ][plugins                  ] [Lilith, the Daughter of Dracula ] loaded [], sites []
[2015-04-07 19:40:29,574][INFO ][node                     ] [Lilith, the Daughter of Dracula ] initialized
[2015-04-07 19:40:29,574][INFO ][node                     ] [Lilith, the Daughter of Dracula ] starting ...
[2015-04-07 19:40:29,685][INFO ][transport                ] [Lilith, the Daughter of Dracula ] bound_address {inet[/0:0:0:0:0:0:0:0:9301]}, publish_address {inet[/192.168.1.9:9301]}
[2015-04-07 19:40:29,698][INFO ][discovery                ] [Lilith, the Daughter of Dracula ] elasticsearch/Kj1YZn-7Q3uq73jCJmvJ0Q
[2015-04-07 19:40:32,742][INFO ][cluster.service          ] [Jessica Drew] added {[Lilith, the Daughter of Dracula ][Kj1YZn-7Q3uq73jCJmvJ0Q][PO][inet[/192.168.1.9:9301]],}, reason: zen-disco-receive(join from node[[Lilith, the Daughter of Dracula ][Kj1YZn-7Q3uq73jCJmvJ0Q][PO][inet[/192.168.1.9:9301]]])
[2015-04-07 19:40:32,766][INFO ][cluster.service          ] [Lilith, the Daughter of Dracula ] detected_master [Jessica Drew][3lYdYD_sTfG7bjXL1XaILg][PO][inet[/192.168.1.9:9300]], added {[Jessica Drew][3lYdYD_sTfG7bjXL1XaILg][PO][inet[/192.168.1.9:9300]],}, reason: zen-disco-receive(from master [[Jessica Drew][3lYdYD_sTfG7bjXL1XaILg][PO][inet[/192.168.1.9:9300]]])
[2015-04-07 19:40:32,902][INFO ][gateway.local.state.meta ] [Lilith, the Daughter of Dracula ] [projects_development_20150407155238033] dangling index, exists on local file system, but not in cluster metadata, auto import to cluster state [YES]
[2015-04-07 19:40:32,915][INFO ][gateway.local.state.meta ] [Jessica Drew] auto importing dangled indices [projects_development_20150407155238033/OPEN] from [[Lilith, the Daughter of Dracula ][Kj1YZn-7Q3uq73jCJmvJ0Q][PO][inet[/192.168.1.9:9301]]]
[2015-04-07 19:40:32,942][INFO ][http                     ] [Lilith, the Daughter of Dracula ] bound_address {inet[/0:0:0:0:0:0:0:0:9201]}, publish_address {inet[/192.168.1.9:9201]}
[2015-04-07 19:40:32,942][INFO ][node                     ] [Lilith, the Daughter of Dracula ] started
[2015-04-07 19:41:20,133][WARN ][transport.netty          ] [Lilith, the Daughter of Dracula ] exception caught on transport layer [[id: 0xec502ff6, /127.0.0.1:39437 => /127.0.0.1:9301]], closing connection
java.io.StreamCorruptedException: invalid internal transport message format, got (47,45,54,20)
	at org.elasticsearch.transport.netty.SizeHeaderFrameDecoder.decode(SizeHeaderFrameDecoder.java:47)
	at org.elasticsearch.common.netty.handler.codec.frame.FrameDecoder.callDecode(FrameDecoder.java:425)
	at org.elasticsearch.common.netty.handler.codec.frame.FrameDecoder.messageReceived(FrameDecoder.java:303)
	at org.elasticsearch.common.netty.channel.SimpleChannelUpstreamHandler.handleUpstream(SimpleChannelUpstreamHandler.java:70)
	at org.elasticsearch.common.netty.channel.DefaultChannelPipeline.sendUpstream(DefaultChannelPipeline.java:564)
	at org.elasticsearch.common.netty.channel.DefaultChannelPipeline$DefaultChannelHandlerContext.sendUpstream(DefaultChannelPipeline.java:791)
	at org.elasticsearch.common.netty.OpenChannelsHandler.handleUpstream(OpenChannelsHandler.java:74)
	at org.elasticsearch.common.netty.channel.DefaultChannelPipeline.sendUpstream(DefaultChannelPipeline.java:564)
	at org.elasticsearch.common.netty.channel.DefaultChannelPipeline.sendUpstream(DefaultChannelPipeline.java:559)
	at org.elasticsearch.common.netty.channel.Channels.fireMessageReceived(Channels.java:268)
	at org.elasticsearch.common.netty.channel.Channels.fireMessageReceived(Channels.java:255)
	at org.elasticsearch.common.netty.channel.socket.nio.NioWorker.read(NioWorker.java:88)
	at org.elasticsearch.common.netty.channel.socket.nio.AbstractNioWorker.process(AbstractNioWorker.java:108)
	at org.elasticsearch.common.netty.channel.socket.nio.AbstractNioSelector.run(AbstractNioSelector.java:337)
	at org.elasticsearch.common.netty.channel.socket.nio.AbstractNioWorker.run(AbstractNioWorker.java:89)
	at org.elasticsearch.common.netty.channel.socket.nio.NioWorker.run(NioWorker.java:178)
	at org.elasticsearch.common.netty.util.ThreadRenamingRunnable.run(ThreadRenamingRunnable.java:108)
	at org.elasticsearch.common.netty.util.internal.DeadLockProofWorker$1.run(DeadLockProofWorker.java:42)
	at java.util.concurrent.ThreadPoolExecutor.runWorker(ThreadPoolExecutor.java:1142)
	at java.util.concurrent.ThreadPoolExecutor$Worker.run(ThreadPoolExecutor.java:617)
	at java.lang.Thread.run(Thread.java:745)
[2015-04-07 19:41:20,145][WARN ][transport.netty          ] [Lilith, the Daughter of Dracula ] exception caught on transport layer [[id: 0x814bce73, /127.0.0.1:39438 => /127.0.0.1:9301]], closing connection
java.io.StreamCorruptedException: invalid internal transport message format, got (47,45,54,20)
	at org.elasticsearch.transport.netty.SizeHeaderFrameDecoder.decode(SizeHeaderFrameDecoder.java:47)
	at org.elasticsearch.common.netty.handler.codec.frame.FrameDecoder.callDecode(FrameDecoder.java:425)
	at org.elasticsearch.common.netty.handler.codec.frame.FrameDecoder.messageReceived(FrameDecoder.java:303)
	at org.elasticsearch.common.netty.channel.SimpleChannelUpstreamHandler.handleUpstream(SimpleChannelUpstreamHandler.java:70)
	at org.elasticsearch.common.netty.channel.DefaultChannelPipeline.sendUpstream(DefaultChannelPipeline.java:564)
	at org.elasticsearch.common.netty.channel.DefaultChannelPipeline$DefaultChannelHandlerContext.sendUpstream(DefaultChannelPipeline.java:791)
	at org.elasticsearch.common.netty.OpenChannelsHandler.handleUpstream(OpenChannelsHandler.java:74)
	at org.elasticsearch.common.netty.channel.DefaultChannelPipeline.sendUpstream(DefaultChannelPipeline.java:564)
	at org.elasticsearch.common.netty.channel.DefaultChannelPipeline.sendUpstream(DefaultChannelPipeline.java:559)
	at org.elasticsearch.common.netty.channel.Channels.fireMessageReceived(Channels.java:268)
	at org.elasticsearch.common.netty.channel.Channels.fireMessageReceived(Channels.java:255)
	at org.elasticsearch.common.netty.channel.socket.nio.NioWorker.read(NioWorker.java:88)
	at org.elasticsearch.common.netty.channel.socket.nio.AbstractNioWorker.process(AbstractNioWorker.java:108)
	at org.elasticsearch.common.netty.channel.socket.nio.AbstractNioSelector.run(AbstractNioSelector.java:337)
	at org.elasticsearch.common.netty.channel.socket.nio.AbstractNioWorker.run(AbstractNioWorker.java:89)
	at org.elasticsearch.common.netty.channel.socket.nio.NioWorker.run(NioWorker.java:178)
	at org.elasticsearch.common.netty.util.ThreadRenamingRunnable.run(ThreadRenamingRunnable.java:108)
	at org.elasticsearch.common.netty.util.internal.DeadLockProofWorker$1.run(DeadLockProofWorker.java:42)
	at java.util.concurrent.ThreadPoolExecutor.runWorker(ThreadPoolExecutor.java:1142)
	at java.util.concurrent.ThreadPoolExecutor$Worker.run(ThreadPoolExecutor.java:617)
	at java.lang.Thread.run(Thread.java:745)
[2015-04-07 19:41:20,147][WARN ][transport.netty          ] [Lilith, the Daughter of Dracula ] exception caught on transport layer [[id: 0xec502ff6, /127.0.0.1:39437 :> /127.0.0.1:9301]], closing connection
java.io.StreamCorruptedException: invalid internal transport message format, got (47,45,54,20)
	at org.elasticsearch.transport.netty.SizeHeaderFrameDecoder.decode(SizeHeaderFrameDecoder.java:47)
	at org.elasticsearch.common.netty.handler.codec.frame.FrameDecoder.callDecode(FrameDecoder.java:425)
	at org.elasticsearch.common.netty.handler.codec.frame.FrameDecoder.cleanup(FrameDecoder.java:482)
	at org.elasticsearch.common.netty.handler.codec.frame.FrameDecoder.channelDisconnected(FrameDecoder.java:365)
	at org.elasticsearch.common.netty.channel.SimpleChannelUpstreamHandler.handleUpstream(SimpleChannelUpstreamHandler.java:102)
	at org.elasticsearch.common.netty.channel.DefaultChannelPipeline.sendUpstream(DefaultChannelPipeline.java:564)
	at org.elasticsearch.common.netty.channel.DefaultChannelPipeline$DefaultChannelHandlerContext.sendUpstream(DefaultChannelPipeline.java:791)
	at org.elasticsearch.common.netty.OpenChannelsHandler.handleUpstream(OpenChannelsHandler.java:74)
	at org.elasticsearch.common.netty.channel.DefaultChannelPipeline.sendUpstream(DefaultChannelPipeline.java:564)
	at org.elasticsearch.common.netty.channel.DefaultChannelPipeline.sendUpstream(DefaultChannelPipeline.java:559)
	at org.elasticsearch.common.netty.channel.Channels.fireChannelDisconnected(Channels.java:396)
	at org.elasticsearch.common.netty.channel.socket.nio.AbstractNioWorker.close(AbstractNioWorker.java:360)
	at org.elasticsearch.common.netty.channel.socket.nio.NioServerSocketPipelineSink.handleAcceptedSocket(NioServerSocketPipelineSink.java:81)
	at org.elasticsearch.common.netty.channel.socket.nio.NioServerSocketPipelineSink.eventSunk(NioServerSocketPipelineSink.java:36)
	at org.elasticsearch.common.netty.channel.DefaultChannelPipeline.sendDownstream(DefaultChannelPipeline.java:574)
	at org.elasticsearch.common.netty.channel.Channels.close(Channels.java:812)
	at org.elasticsearch.common.netty.channel.AbstractChannel.close(AbstractChannel.java:206)
	at org.elasticsearch.transport.netty.NettyTransport.exceptionCaught(NettyTransport.java:611)
	at org.elasticsearch.transport.netty.MessageChannelHandler.exceptionCaught(MessageChannelHandler.java:239)
	at org.elasticsearch.common.netty.channel.SimpleChannelUpstreamHandler.handleUpstream(SimpleChannelUpstreamHandler.java:112)
	at org.elasticsearch.common.netty.channel.DefaultChannelPipeline.sendUpstream(DefaultChannelPipeline.java:564)
	at org.elasticsearch.common.netty.channel.DefaultChannelPipeline$DefaultChannelHandlerContext.sendUpstream(DefaultChannelPipeline.java:791)
	at org.elasticsearch.common.netty.handler.codec.frame.FrameDecoder.exceptionCaught(FrameDecoder.java:377)
	at org.elasticsearch.common.netty.channel.SimpleChannelUpstreamHandler.handleUpstream(SimpleChannelUpstreamHandler.java:112)
	at org.elasticsearch.common.netty.channel.DefaultChannelPipeline.sendUpstream(DefaultChannelPipeline.java:564)
	at org.elasticsearch.common.netty.channel.DefaultChannelPipeline$DefaultChannelHandlerContext.sendUpstream(DefaultChannelPipeline.java:791)
	at org.elasticsearch.common.netty.OpenChannelsHandler.handleUpstream(OpenChannelsHandler.java:74)
	at org.elasticsearch.common.netty.channel.DefaultChannelPipeline.sendUpstream(DefaultChannelPipeline.java:564)
	at org.elasticsearch.common.netty.channel.DefaultChannelPipeline.sendUpstream(DefaultChannelPipeline.java:559)
	at org.elasticsearch.common.netty.channel.Channels.fireExceptionCaught(Channels.java:525)
	at org.elasticsearch.common.netty.channel.AbstractChannelSink.exceptionCaught(AbstractChannelSink.java:48)
	at org.elasticsearch.common.netty.channel.DefaultChannelPipeline.notifyHandlerException(DefaultChannelPipeline.java:658)
	at org.elasticsearch.common.netty.channel.DefaultChannelPipeline.sendUpstream(DefaultChannelPipeline.java:566)
	at org.elasticsearch.common.netty.channel.DefaultChannelPipeline$DefaultChannelHandlerContext.sendUpstream(DefaultChannelPipeline.java:791)
	at org.elasticsearch.common.netty.OpenChannelsHandler.handleUpstream(OpenChannelsHandler.java:74)
	at org.elasticsearch.common.netty.channel.DefaultChannelPipeline.sendUpstream(DefaultChannelPipeline.java:564)
	at org.elasticsearch.common.netty.channel.DefaultChannelPipeline.sendUpstream(DefaultChannelPipeline.java:559)
	at org.elasticsearch.common.netty.channel.Channels.fireMessageReceived(Channels.java:268)
	at org.elasticsearch.common.netty.channel.Channels.fireMessageReceived(Channels.java:255)
	at org.elasticsearch.common.netty.channel.socket.nio.NioWorker.read(NioWorker.java:88)
	at org.elasticsearch.common.netty.channel.socket.nio.AbstractNioWorker.process(AbstractNioWorker.java:108)
	at org.elasticsearch.common.netty.channel.socket.nio.AbstractNioSelector.run(AbstractNioSelector.java:337)
	at org.elasticsearch.common.netty.channel.socket.nio.AbstractNioWorker.run(AbstractNioWorker.java:89)
	at org.elasticsearch.common.netty.channel.socket.nio.NioWorker.run(NioWorker.java:178)
	at org.elasticsearch.common.netty.util.ThreadRenamingRunnable.run(ThreadRenamingRunnable.java:108)
	at org.elasticsearch.common.netty.util.internal.DeadLockProofWorker$1.run(DeadLockProofWorker.java:42)
	at java.util.concurrent.ThreadPoolExecutor.runWorker(ThreadPoolExecutor.java:1142)
	at java.util.concurrent.ThreadPoolExecutor$Worker.run(ThreadPoolExecutor.java:617)
	at java.lang.Thread.run(Thread.java:745)
[2015-04-07 19:41:20,150][WARN ][transport.netty          ] [Lilith, the Daughter of Dracula ] exception caught on transport layer [[id: 0x2ae3ac42, /127.0.0.1:39439 => /127.0.0.1:9301]], closing connection
java.io.StreamCorruptedException: invalid internal transport message format, got (47,45,54,20)
	at org.elasticsearch.transport.netty.SizeHeaderFrameDecoder.decode(SizeHeaderFrameDecoder.java:47)
	at org.elasticsearch.common.netty.handler.codec.frame.FrameDecoder.callDecode(FrameDecoder.java:425)
	at org.elasticsearch.common.netty.handler.codec.frame.FrameDecoder.messageReceived(FrameDecoder.java:303)
	at org.elasticsearch.common.netty.channel.SimpleChannelUpstreamHandler.handleUpstream(SimpleChannelUpstreamHandler.java:70)
	at org.elasticsearch.common.netty.channel.DefaultChannelPipeline.sendUpstream(DefaultChannelPipeline.java:564)
	at org.elasticsearch.common.netty.channel.DefaultChannelPipeline$DefaultChannelHandlerContext.sendUpstream(DefaultChannelPipeline.java:791)
	at org.elasticsearch.common.netty.OpenChannelsHandler.handleUpstream(OpenChannelsHandler.java:74)
	at org.elasticsearch.common.netty.channel.DefaultChannelPipeline.sendUpstream(DefaultChannelPipeline.java:564)
	at org.elasticsearch.common.netty.channel.DefaultChannelPipeline.sendUpstream(DefaultChannelPipeline.java:559)
	at org.elasticsearch.common.netty.channel.Channels.fireMessageReceived(Channels.java:268)
	at org.elasticsearch.common.netty.channel.Channels.fireMessageReceived(Channels.java:255)
	at org.elasticsearch.common.netty.channel.socket.nio.NioWorker.read(NioWorker.java:88)
	at org.elasticsearch.common.netty.channel.socket.nio.AbstractNioWorker.process(AbstractNioWorker.java:108)
	at org.elasticsearch.common.netty.channel.socket.nio.AbstractNioSelector.run(AbstractNioSelector.java:337)
	at org.elasticsearch.common.netty.channel.socket.nio.AbstractNioWorker.run(AbstractNioWorker.java:89)
	at org.elasticsearch.common.netty.channel.socket.nio.NioWorker.run(NioWorker.java:178)
	at org.elasticsearch.common.netty.util.ThreadRenamingRunnable.run(ThreadRenamingRunnable.java:108)
	at org.elasticsearch.common.netty.util.internal.DeadLockProofWorker$1.run(DeadLockProofWorker.java:42)
	at java.util.concurrent.ThreadPoolExecutor.runWorker(ThreadPoolExecutor.java:1142)
	at java.util.concurrent.ThreadPoolExecutor$Worker.run(ThreadPoolExecutor.java:617)
	at java.lang.Thread.run(Thread.java:745)
[2015-04-07 19:41:20,150][WARN ][transport.netty          ] [Lilith, the Daughter of Dracula ] exception caught on transport layer [[id: 0x814bce73, /127.0.0.1:39438 :> /127.0.0.1:9301]], closing connection
java.io.StreamCorruptedException: invalid internal transport message format, got (47,45,54,20)
	at org.elasticsearch.transport.netty.SizeHeaderFrameDecoder.decode(SizeHeaderFrameDecoder.java:47)
	at org.elasticsearch.common.netty.handler.codec.frame.FrameDecoder.callDecode(FrameDecoder.java:425)
	at org.elasticsearch.common.netty.handler.codec.frame.FrameDecoder.cleanup(FrameDecoder.java:482)
	at org.elasticsearch.common.netty.handler.codec.frame.FrameDecoder.channelDisconnected(FrameDecoder.java:365)
	at org.elasticsearch.common.netty.channel.SimpleChannelUpstreamHandler.handleUpstream(SimpleChannelUpstreamHandler.java:102)
	at org.elasticsearch.common.netty.channel.DefaultChannelPipeline.sendUpstream(DefaultChannelPipeline.java:564)
	at org.elasticsearch.common.netty.channel.DefaultChannelPipeline$DefaultChannelHandlerContext.sendUpstream(DefaultChannelPipeline.java:791)
	at org.elasticsearch.common.netty.OpenChannelsHandler.handleUpstream(OpenChannelsHandler.java:74)
	at org.elasticsearch.common.netty.channel.DefaultChannelPipeline.sendUpstream(DefaultChannelPipeline.java:564)
	at org.elasticsearch.common.netty.channel.DefaultChannelPipeline.sendUpstream(DefaultChannelPipeline.java:559)
	at org.elasticsearch.common.netty.channel.Channels.fireChannelDisconnected(Channels.java:396)
	at org.elasticsearch.common.netty.channel.socket.nio.AbstractNioWorker.close(AbstractNioWorker.java:360)
	at org.elasticsearch.common.netty.channel.socket.nio.NioServerSocketPipelineSink.handleAcceptedSocket(NioServerSocketPipelineSink.java:81)
	at org.elasticsearch.common.netty.channel.socket.nio.NioServerSocketPipelineSink.eventSunk(NioServerSocketPipelineSink.java:36)
	at org.elasticsearch.common.netty.channel.DefaultChannelPipeline.sendDownstream(DefaultChannelPipeline.java:574)
	at org.elasticsearch.common.netty.channel.Channels.close(Channels.java:812)
	at org.elasticsearch.common.netty.channel.AbstractChannel.close(AbstractChannel.java:206)
	at org.elasticsearch.transport.netty.NettyTransport.exceptionCaught(NettyTransport.java:611)
	at org.elasticsearch.transport.netty.MessageChannelHandler.exceptionCaught(MessageChannelHandler.java:239)
	at org.elasticsearch.common.netty.channel.SimpleChannelUpstreamHandler.handleUpstream(SimpleChannelUpstreamHandler.java:112)
	at org.elasticsearch.common.netty.channel.DefaultChannelPipeline.sendUpstream(DefaultChannelPipeline.java:564)
	at org.elasticsearch.common.netty.channel.DefaultChannelPipeline$DefaultChannelHandlerContext.sendUpstream(DefaultChannelPipeline.java:791)
	at org.elasticsearch.common.netty.handler.codec.frame.FrameDecoder.exceptionCaught(FrameDecoder.java:377)
	at org.elasticsearch.common.netty.channel.SimpleChannelUpstreamHandler.handleUpstream(SimpleChannelUpstreamHandler.java:112)
	at org.elasticsearch.common.netty.channel.DefaultChannelPipeline.sendUpstream(DefaultChannelPipeline.java:564)
	at org.elasticsearch.common.netty.channel.DefaultChannelPipeline$DefaultChannelHandlerContext.sendUpstream(DefaultChannelPipeline.java:791)
	at org.elasticsearch.common.netty.OpenChannelsHandler.handleUpstream(OpenChannelsHandler.java:74)
	at org.elasticsearch.common.netty.channel.DefaultChannelPipeline.sendUpstream(DefaultChannelPipeline.java:564)
	at org.elasticsearch.common.netty.channel.DefaultChannelPipeline.sendUpstream(DefaultChannelPipeline.java:559)
	at org.elasticsearch.common.netty.channel.Channels.fireExceptionCaught(Channels.java:525)
	at org.elasticsearch.common.netty.channel.AbstractChannelSink.exceptionCaught(AbstractChannelSink.java:48)
	at org.elasticsearch.common.netty.channel.DefaultChannelPipeline.notifyHandlerException(DefaultChannelPipeline.java:658)
	at org.elasticsearch.common.netty.channel.DefaultChannelPipeline.sendUpstream(DefaultChannelPipeline.java:566)
	at org.elasticsearch.common.netty.channel.DefaultChannelPipeline$DefaultChannelHandlerContext.sendUpstream(DefaultChannelPipeline.java:791)
	at org.elasticsearch.common.netty.OpenChannelsHandler.handleUpstream(OpenChannelsHandler.java:74)
	at org.elasticsearch.common.netty.channel.DefaultChannelPipeline.sendUpstream(DefaultChannelPipeline.java:564)
	at org.elasticsearch.common.netty.channel.DefaultChannelPipeline.sendUpstream(DefaultChannelPipeline.java:559)
	at org.elasticsearch.common.netty.channel.Channels.fireMessageReceived(Channels.java:268)
	at org.elasticsearch.common.netty.channel.Channels.fireMessageReceived(Channels.java:255)
	at org.elasticsearch.common.netty.channel.socket.nio.NioWorker.read(NioWorker.java:88)
	at org.elasticsearch.common.netty.channel.socket.nio.AbstractNioWorker.process(AbstractNioWorker.java:108)
	at org.elasticsearch.common.netty.channel.socket.nio.AbstractNioSelector.run(AbstractNioSelector.java:337)
	at org.elasticsearch.common.netty.channel.socket.nio.AbstractNioWorker.run(AbstractNioWorker.java:89)
	at org.elasticsearch.common.netty.channel.socket.nio.NioWorker.run(NioWorker.java:178)
	at org.elasticsearch.common.netty.util.ThreadRenamingRunnable.run(ThreadRenamingRunnable.java:108)
	at org.elasticsearch.common.netty.util.internal.DeadLockProofWorker$1.run(DeadLockProofWorker.java:42)
	at java.util.concurrent.ThreadPoolExecutor.runWorker(ThreadPoolExecutor.java:1142)
	at java.util.concurrent.ThreadPoolExecutor$Worker.run(ThreadPoolExecutor.java:617)
	at java.lang.Thread.run(Thread.java:745)
[2015-04-07 19:41:20,158][WARN ][transport.netty          ] [Lilith, the Daughter of Dracula ] exception caught on transport layer [[id: 0x2ae3ac42, /127.0.0.1:39439 :> /127.0.0.1:9301]], closing connection
java.io.StreamCorruptedException: invalid internal transport message format, got (47,45,54,20)
	at org.elasticsearch.transport.netty.SizeHeaderFrameDecoder.decode(SizeHeaderFrameDecoder.java:47)
	at org.elasticsearch.common.netty.handler.codec.frame.FrameDecoder.callDecode(FrameDecoder.java:425)
	at org.elasticsearch.common.netty.handler.codec.frame.FrameDecoder.cleanup(FrameDecoder.java:482)
	at org.elasticsearch.common.netty.handler.codec.frame.FrameDecoder.channelDisconnected(FrameDecoder.java:365)
	at org.elasticsearch.common.netty.channel.SimpleChannelUpstreamHandler.handleUpstream(SimpleChannelUpstreamHandler.java:102)
	at org.elasticsearch.common.netty.channel.DefaultChannelPipeline.sendUpstream(DefaultChannelPipeline.java:564)
	at org.elasticsearch.common.netty.channel.DefaultChannelPipeline$DefaultChannelHandlerContext.sendUpstream(DefaultChannelPipeline.java:791)
	at org.elasticsearch.common.netty.OpenChannelsHandler.handleUpstream(OpenChannelsHandler.java:74)
	at org.elasticsearch.common.netty.channel.DefaultChannelPipeline.sendUpstream(DefaultChannelPipeline.java:564)
	at org.elasticsearch.common.netty.channel.DefaultChannelPipeline.sendUpstream(DefaultChannelPipeline.java:559)
	at org.elasticsearch.common.netty.channel.Channels.fireChannelDisconnected(Channels.java:396)
	at org.elasticsearch.common.netty.channel.socket.nio.AbstractNioWorker.close(AbstractNioWorker.java:360)
	at org.elasticsearch.common.netty.channel.socket.nio.NioServerSocketPipelineSink.handleAcceptedSocket(NioServerSocketPipelineSink.java:81)
	at org.elasticsearch.common.netty.channel.socket.nio.NioServerSocketPipelineSink.eventSunk(NioServerSocketPipelineSink.java:36)
	at org.elasticsearch.common.netty.channel.DefaultChannelPipeline.sendDownstream(DefaultChannelPipeline.java:574)
	at org.elasticsearch.common.netty.channel.Channels.close(Channels.java:812)
	at org.elasticsearch.common.netty.channel.AbstractChannel.close(AbstractChannel.java:206)
	at org.elasticsearch.transport.netty.NettyTransport.exceptionCaught(NettyTransport.java:611)
	at org.elasticsearch.transport.netty.MessageChannelHandler.exceptionCaught(MessageChannelHandler.java:239)
	at org.elasticsearch.common.netty.channel.SimpleChannelUpstreamHandler.handleUpstream(SimpleChannelUpstreamHandler.java:112)
	at org.elasticsearch.common.netty.channel.DefaultChannelPipeline.sendUpstream(DefaultChannelPipeline.java:564)
	at org.elasticsearch.common.netty.channel.DefaultChannelPipeline$DefaultChannelHandlerContext.sendUpstream(DefaultChannelPipeline.java:791)
	at org.elasticsearch.common.netty.handler.codec.frame.FrameDecoder.exceptionCaught(FrameDecoder.java:377)
	at org.elasticsearch.common.netty.channel.SimpleChannelUpstreamHandler.handleUpstream(SimpleChannelUpstreamHandler.java:112)
	at org.elasticsearch.common.netty.channel.DefaultChannelPipeline.sendUpstream(DefaultChannelPipeline.java:564)
	at org.elasticsearch.common.netty.channel.DefaultChannelPipeline$DefaultChannelHandlerContext.sendUpstream(DefaultChannelPipeline.java:791)
	at org.elasticsearch.common.netty.OpenChannelsHandler.handleUpstream(OpenChannelsHandler.java:74)
	at org.elasticsearch.common.netty.channel.DefaultChannelPipeline.sendUpstream(DefaultChannelPipeline.java:564)
	at org.elasticsearch.common.netty.channel.DefaultChannelPipeline.sendUpstream(DefaultChannelPipeline.java:559)
	at org.elasticsearch.common.netty.channel.Channels.fireExceptionCaught(Channels.java:525)
	at org.elasticsearch.common.netty.channel.AbstractChannelSink.exceptionCaught(AbstractChannelSink.java:48)
	at org.elasticsearch.common.netty.channel.DefaultChannelPipeline.notifyHandlerException(DefaultChannelPipeline.java:658)
	at org.elasticsearch.common.netty.channel.DefaultChannelPipeline.sendUpstream(DefaultChannelPipeline.java:566)
	at org.elasticsearch.common.netty.channel.DefaultChannelPipeline$DefaultChannelHandlerContext.sendUpstream(DefaultChannelPipeline.java:791)
	at org.elasticsearch.common.netty.OpenChannelsHandler.handleUpstream(OpenChannelsHandler.java:74)
	at org.elasticsearch.common.netty.channel.DefaultChannelPipeline.sendUpstream(DefaultChannelPipeline.java:564)
	at org.elasticsearch.common.netty.channel.DefaultChannelPipeline.sendUpstream(DefaultChannelPipeline.java:559)
	at org.elasticsearch.common.netty.channel.Channels.fireMessageReceived(Channels.java:268)
	at org.elasticsearch.common.netty.channel.Channels.fireMessageReceived(Channels.java:255)
	at org.elasticsearch.common.netty.channel.socket.nio.NioWorker.read(NioWorker.java:88)
	at org.elasticsearch.common.netty.channel.socket.nio.AbstractNioWorker.process(AbstractNioWorker.java:108)
	at org.elasticsearch.common.netty.channel.socket.nio.AbstractNioSelector.run(AbstractNioSelector.java:337)
	at org.elasticsearch.common.netty.channel.socket.nio.AbstractNioWorker.run(AbstractNioWorker.java:89)
	at org.elasticsearch.common.netty.channel.socket.nio.NioWorker.run(NioWorker.java:178)
	at org.elasticsearch.common.netty.util.ThreadRenamingRunnable.run(ThreadRenamingRunnable.java:108)
	at org.elasticsearch.common.netty.util.internal.DeadLockProofWorker$1.run(DeadLockProofWorker.java:42)
	at java.util.concurrent.ThreadPoolExecutor.runWorker(ThreadPoolExecutor.java:1142)
	at java.util.concurrent.ThreadPoolExecutor$Worker.run(ThreadPoolExecutor.java:617)
	at java.lang.Thread.run(Thread.java:745)
[2015-04-07 19:41:20,315][WARN ][transport.netty          ] [Lilith, the Daughter of Dracula ] exception caught on transport layer [[id: 0x0492698d, /127.0.0.1:39440 => /127.0.0.1:9301]], closing connection
java.io.StreamCorruptedException: invalid internal transport message format, got (47,45,54,20)
	at org.elasticsearch.transport.netty.SizeHeaderFrameDecoder.decode(SizeHeaderFrameDecoder.java:47)
	at org.elasticsearch.common.netty.handler.codec.frame.FrameDecoder.callDecode(FrameDecoder.java:425)
	at org.elasticsearch.common.netty.handler.codec.frame.FrameDecoder.messageReceived(FrameDecoder.java:303)
	at org.elasticsearch.common.netty.channel.SimpleChannelUpstreamHandler.handleUpstream(SimpleChannelUpstreamHandler.java:70)
	at org.elasticsearch.common.netty.channel.DefaultChannelPipeline.sendUpstream(DefaultChannelPipeline.java:564)
	at org.elasticsearch.common.netty.channel.DefaultChannelPipeline$DefaultChannelHandlerContext.sendUpstream(DefaultChannelPipeline.java:791)
	at org.elasticsearch.common.netty.OpenChannelsHandler.handleUpstream(OpenChannelsHandler.java:74)
	at org.elasticsearch.common.netty.channel.DefaultChannelPipeline.sendUpstream(DefaultChannelPipeline.java:564)
	at org.elasticsearch.common.netty.channel.DefaultChannelPipeline.sendUpstream(DefaultChannelPipeline.java:559)
	at org.elasticsearch.common.netty.channel.Channels.fireMessageReceived(Channels.java:268)
	at org.elasticsearch.common.netty.channel.Channels.fireMessageReceived(Channels.java:255)
	at org.elasticsearch.common.netty.channel.socket.nio.NioWorker.read(NioWorker.java:88)
	at org.elasticsearch.common.netty.channel.socket.nio.AbstractNioWorker.process(AbstractNioWorker.java:108)
	at org.elasticsearch.common.netty.channel.socket.nio.AbstractNioSelector.run(AbstractNioSelector.java:337)
	at org.elasticsearch.common.netty.channel.socket.nio.AbstractNioWorker.run(AbstractNioWorker.java:89)
	at org.elasticsearch.common.netty.channel.socket.nio.NioWorker.run(NioWorker.java:178)
	at org.elasticsearch.common.netty.util.ThreadRenamingRunnable.run(ThreadRenamingRunnable.java:108)
	at org.elasticsearch.common.netty.util.internal.DeadLockProofWorker$1.run(DeadLockProofWorker.java:42)
	at java.util.concurrent.ThreadPoolExecutor.runWorker(ThreadPoolExecutor.java:1142)
	at java.util.concurrent.ThreadPoolExecutor$Worker.run(ThreadPoolExecutor.java:617)
	at java.lang.Thread.run(Thread.java:745)
[2015-04-07 19:41:20,316][WARN ][transport.netty          ] [Lilith, the Daughter of Dracula ] exception caught on transport layer [[id: 0x0492698d, /127.0.0.1:39440 :> /127.0.0.1:9301]], closing connection
java.io.StreamCorruptedException: invalid internal transport message format, got (47,45,54,20)
	at org.elasticsearch.transport.netty.SizeHeaderFrameDecoder.decode(SizeHeaderFrameDecoder.java:47)
	at org.elasticsearch.common.netty.handler.codec.frame.FrameDecoder.callDecode(FrameDecoder.java:425)
	at org.elasticsearch.common.netty.handler.codec.frame.FrameDecoder.cleanup(FrameDecoder.java:482)
	at org.elasticsearch.common.netty.handler.codec.frame.FrameDecoder.channelDisconnected(FrameDecoder.java:365)
	at org.elasticsearch.common.netty.channel.SimpleChannelUpstreamHandler.handleUpstream(SimpleChannelUpstreamHandler.java:102)
	at org.elasticsearch.common.netty.channel.DefaultChannelPipeline.sendUpstream(DefaultChannelPipeline.java:564)
	at org.elasticsearch.common.netty.channel.DefaultChannelPipeline$DefaultChannelHandlerContext.sendUpstream(DefaultChannelPipeline.java:791)
	at org.elasticsearch.common.netty.OpenChannelsHandler.handleUpstream(OpenChannelsHandler.java:74)
	at org.elasticsearch.common.netty.channel.DefaultChannelPipeline.sendUpstream(DefaultChannelPipeline.java:564)
	at org.elasticsearch.common.netty.channel.DefaultChannelPipeline.sendUpstream(DefaultChannelPipeline.java:559)
	at org.elasticsearch.common.netty.channel.Channels.fireChannelDisconnected(Channels.java:396)
	at org.elasticsearch.common.netty.channel.socket.nio.AbstractNioWorker.close(AbstractNioWorker.java:360)
	at org.elasticsearch.common.netty.channel.socket.nio.NioServerSocketPipelineSink.handleAcceptedSocket(NioServerSocketPipelineSink.java:81)
	at org.elasticsearch.common.netty.channel.socket.nio.NioServerSocketPipelineSink.eventSunk(NioServerSocketPipelineSink.java:36)
	at org.elasticsearch.common.netty.channel.DefaultChannelPipeline.sendDownstream(DefaultChannelPipeline.java:574)
	at org.elasticsearch.common.netty.channel.Channels.close(Channels.java:812)
	at org.elasticsearch.common.netty.channel.AbstractChannel.close(AbstractChannel.java:206)
	at org.elasticsearch.transport.netty.NettyTransport.exceptionCaught(NettyTransport.java:611)
	at org.elasticsearch.transport.netty.MessageChannelHandler.exceptionCaught(MessageChannelHandler.java:239)
	at org.elasticsearch.common.netty.channel.SimpleChannelUpstreamHandler.handleUpstream(SimpleChannelUpstreamHandler.java:112)
	at org.elasticsearch.common.netty.channel.DefaultChannelPipeline.sendUpstream(DefaultChannelPipeline.java:564)
	at org.elasticsearch.common.netty.channel.DefaultChannelPipeline$DefaultChannelHandlerContext.sendUpstream(DefaultChannelPipeline.java:791)
	at org.elasticsearch.common.netty.handler.codec.frame.FrameDecoder.exceptionCaught(FrameDecoder.java:377)
	at org.elasticsearch.common.netty.channel.SimpleChannelUpstreamHandler.handleUpstream(SimpleChannelUpstreamHandler.java:112)
	at org.elasticsearch.common.netty.channel.DefaultChannelPipeline.sendUpstream(DefaultChannelPipeline.java:564)
	at org.elasticsearch.common.netty.channel.DefaultChannelPipeline$DefaultChannelHandlerContext.sendUpstream(DefaultChannelPipeline.java:791)
	at org.elasticsearch.common.netty.OpenChannelsHandler.handleUpstream(OpenChannelsHandler.java:74)
	at org.elasticsearch.common.netty.channel.DefaultChannelPipeline.sendUpstream(DefaultChannelPipeline.java:564)
	at org.elasticsearch.common.netty.channel.DefaultChannelPipeline.sendUpstream(DefaultChannelPipeline.java:559)
	at org.elasticsearch.common.netty.channel.Channels.fireExceptionCaught(Channels.java:525)
	at org.elasticsearch.common.netty.channel.AbstractChannelSink.exceptionCaught(AbstractChannelSink.java:48)
	at org.elasticsearch.common.netty.channel.DefaultChannelPipeline.notifyHandlerException(DefaultChannelPipeline.java:658)
	at org.elasticsearch.common.netty.channel.DefaultChannelPipeline.sendUpstream(DefaultChannelPipeline.java:566)
	at org.elasticsearch.common.netty.channel.DefaultChannelPipeline$DefaultChannelHandlerContext.sendUpstream(DefaultChannelPipeline.java:791)
	at org.elasticsearch.common.netty.OpenChannelsHandler.handleUpstream(OpenChannelsHandler.java:74)
	at org.elasticsearch.common.netty.channel.DefaultChannelPipeline.sendUpstream(DefaultChannelPipeline.java:564)
	at org.elasticsearch.common.netty.channel.DefaultChannelPipeline.sendUpstream(DefaultChannelPipeline.java:559)
	at org.elasticsearch.common.netty.channel.Channels.fireMessageReceived(Channels.java:268)
	at org.elasticsearch.common.netty.channel.Channels.fireMessageReceived(Channels.java:255)
	at org.elasticsearch.common.netty.channel.socket.nio.NioWorker.read(NioWorker.java:88)
	at org.elasticsearch.common.netty.channel.socket.nio.AbstractNioWorker.process(AbstractNioWorker.java:108)
	at org.elasticsearch.common.netty.channel.socket.nio.AbstractNioSelector.run(AbstractNioSelector.java:337)
	at org.elasticsearch.common.netty.channel.socket.nio.AbstractNioWorker.run(AbstractNioWorker.java:89)
	at org.elasticsearch.common.netty.channel.socket.nio.NioWorker.run(NioWorker.java:178)
	at org.elasticsearch.common.netty.util.ThreadRenamingRunnable.run(ThreadRenamingRunnable.java:108)
	at org.elasticsearch.common.netty.util.internal.DeadLockProofWorker$1.run(DeadLockProofWorker.java:42)
	at java.util.concurrent.ThreadPoolExecutor.runWorker(ThreadPoolExecutor.java:1142)
	at java.util.concurrent.ThreadPoolExecutor$Worker.run(ThreadPoolExecutor.java:617)
	at java.lang.Thread.run(Thread.java:745)
[2015-04-07 19:41:25,321][WARN ][transport.netty          ] [Lilith, the Daughter of Dracula ] exception caught on transport layer [[id: 0xe9e4570b, /127.0.0.1:39443 => /127.0.0.1:9301]], closing connection
java.io.StreamCorruptedException: invalid internal transport message format, got (47,45,54,20)
	at org.elasticsearch.transport.netty.SizeHeaderFrameDecoder.decode(SizeHeaderFrameDecoder.java:47)
	at org.elasticsearch.common.netty.handler.codec.frame.FrameDecoder.callDecode(FrameDecoder.java:425)
	at org.elasticsearch.common.netty.handler.codec.frame.FrameDecoder.messageReceived(FrameDecoder.java:303)
	at org.elasticsearch.common.netty.channel.SimpleChannelUpstreamHandler.handleUpstream(SimpleChannelUpstreamHandler.java:70)
	at org.elasticsearch.common.netty.channel.DefaultChannelPipeline.sendUpstream(DefaultChannelPipeline.java:564)
	at org.elasticsearch.common.netty.channel.DefaultChannelPipeline$DefaultChannelHandlerContext.sendUpstream(DefaultChannelPipeline.java:791)
	at org.elasticsearch.common.netty.OpenChannelsHandler.handleUpstream(OpenChannelsHandler.java:74)
	at org.elasticsearch.common.netty.channel.DefaultChannelPipeline.sendUpstream(DefaultChannelPipeline.java:564)
	at org.elasticsearch.common.netty.channel.DefaultChannelPipeline.sendUpstream(DefaultChannelPipeline.java:559)
	at org.elasticsearch.common.netty.channel.Channels.fireMessageReceived(Channels.java:268)
	at org.elasticsearch.common.netty.channel.Channels.fireMessageReceived(Channels.java:255)
	at org.elasticsearch.common.netty.channel.socket.nio.NioWorker.read(NioWorker.java:88)
	at org.elasticsearch.common.netty.channel.socket.nio.AbstractNioWorker.process(AbstractNioWorker.java:108)
	at org.elasticsearch.common.netty.channel.socket.nio.AbstractNioSelector.run(AbstractNioSelector.java:337)
	at org.elasticsearch.common.netty.channel.socket.nio.AbstractNioWorker.run(AbstractNioWorker.java:89)
	at org.elasticsearch.common.netty.channel.socket.nio.NioWorker.run(NioWorker.java:178)
	at org.elasticsearch.common.netty.util.ThreadRenamingRunnable.run(ThreadRenamingRunnable.java:108)
	at org.elasticsearch.common.netty.util.internal.DeadLockProofWorker$1.run(DeadLockProofWorker.java:42)
	at java.util.concurrent.ThreadPoolExecutor.runWorker(ThreadPoolExecutor.java:1142)
	at java.util.concurrent.ThreadPoolExecutor$Worker.run(ThreadPoolExecutor.java:617)
	at java.lang.Thread.run(Thread.java:745)
[2015-04-07 19:41:25,324][WARN ][transport.netty          ] [Lilith, the Daughter of Dracula ] exception caught on transport layer [[id: 0xe9e4570b, /127.0.0.1:39443 :> /127.0.0.1:9301]], closing connection
java.io.StreamCorruptedException: invalid internal transport message format, got (47,45,54,20)
	at org.elasticsearch.transport.netty.SizeHeaderFrameDecoder.decode(SizeHeaderFrameDecoder.java:47)
	at org.elasticsearch.common.netty.handler.codec.frame.FrameDecoder.callDecode(FrameDecoder.java:425)
	at org.elasticsearch.common.netty.handler.codec.frame.FrameDecoder.cleanup(FrameDecoder.java:482)
	at org.elasticsearch.common.netty.handler.codec.frame.FrameDecoder.channelDisconnected(FrameDecoder.java:365)
	at org.elasticsearch.common.netty.channel.SimpleChannelUpstreamHandler.handleUpstream(SimpleChannelUpstreamHandler.java:102)
	at org.elasticsearch.common.netty.channel.DefaultChannelPipeline.sendUpstream(DefaultChannelPipeline.java:564)
	at org.elasticsearch.common.netty.channel.DefaultChannelPipeline$DefaultChannelHandlerContext.sendUpstream(DefaultChannelPipeline.java:791)
	at org.elasticsearch.common.netty.OpenChannelsHandler.handleUpstream(OpenChannelsHandler.java:74)
	at org.elasticsearch.common.netty.channel.DefaultChannelPipeline.sendUpstream(DefaultChannelPipeline.java:564)
	at org.elasticsearch.common.netty.channel.DefaultChannelPipeline.sendUpstream(DefaultChannelPipeline.java:559)
	at org.elasticsearch.common.netty.channel.Channels.fireChannelDisconnected(Channels.java:396)
	at org.elasticsearch.common.netty.channel.socket.nio.AbstractNioWorker.close(AbstractNioWorker.java:360)
	at org.elasticsearch.common.netty.channel.socket.nio.NioServerSocketPipelineSink.handleAcceptedSocket(NioServerSocketPipelineSink.java:81)
	at org.elasticsearch.common.netty.channel.socket.nio.NioServerSocketPipelineSink.eventSunk(NioServerSocketPipelineSink.java:36)
	at org.elasticsearch.common.netty.channel.DefaultChannelPipeline.sendDownstream(DefaultChannelPipeline.java:574)
	at org.elasticsearch.common.netty.channel.Channels.close(Channels.java:812)
	at org.elasticsearch.common.netty.channel.AbstractChannel.close(AbstractChannel.java:206)
	at org.elasticsearch.transport.netty.NettyTransport.exceptionCaught(NettyTransport.java:611)
	at org.elasticsearch.transport.netty.MessageChannelHandler.exceptionCaught(MessageChannelHandler.java:239)
	at org.elasticsearch.common.netty.channel.SimpleChannelUpstreamHandler.handleUpstream(SimpleChannelUpstreamHandler.java:112)
	at org.elasticsearch.common.netty.channel.DefaultChannelPipeline.sendUpstream(DefaultChannelPipeline.java:564)
	at org.elasticsearch.common.netty.channel.DefaultChannelPipeline$DefaultChannelHandlerContext.sendUpstream(DefaultChannelPipeline.java:791)
	at org.elasticsearch.common.netty.handler.codec.frame.FrameDecoder.exceptionCaught(FrameDecoder.java:377)
	at org.elasticsearch.common.netty.channel.SimpleChannelUpstreamHandler.handleUpstream(SimpleChannelUpstreamHandler.java:112)
	at org.elasticsearch.common.netty.channel.DefaultChannelPipeline.sendUpstream(DefaultChannelPipeline.java:564)
	at org.elasticsearch.common.netty.channel.DefaultChannelPipeline$DefaultChannelHandlerContext.sendUpstream(DefaultChannelPipeline.java:791)
	at org.elasticsearch.common.netty.OpenChannelsHandler.handleUpstream(OpenChannelsHandler.java:74)
	at org.elasticsearch.common.netty.channel.DefaultChannelPipeline.sendUpstream(DefaultChannelPipeline.java:564)
	at org.elasticsearch.common.netty.channel.DefaultChannelPipeline.sendUpstream(DefaultChannelPipeline.java:559)
	at org.elasticsearch.common.netty.channel.Channels.fireExceptionCaught(Channels.java:525)
	at org.elasticsearch.common.netty.channel.AbstractChannelSink.exceptionCaught(AbstractChannelSink.java:48)
	at org.elasticsearch.common.netty.channel.DefaultChannelPipeline.notifyHandlerException(DefaultChannelPipeline.java:658)
	at org.elasticsearch.common.netty.channel.DefaultChannelPipeline.sendUpstream(DefaultChannelPipeline.java:566)
	at org.elasticsearch.common.netty.channel.DefaultChannelPipeline$DefaultChannelHandlerContext.sendUpstream(DefaultChannelPipeline.java:791)
	at org.elasticsearch.common.netty.OpenChannelsHandler.handleUpstream(OpenChannelsHandler.java:74)
	at org.elasticsearch.common.netty.channel.DefaultChannelPipeline.sendUpstream(DefaultChannelPipeline.java:564)
	at org.elasticsearch.common.netty.channel.DefaultChannelPipeline.sendUpstream(DefaultChannelPipeline.java:559)
	at org.elasticsearch.common.netty.channel.Channels.fireMessageReceived(Channels.java:268)
	at org.elasticsearch.common.netty.channel.Channels.fireMessageReceived(Channels.java:255)
	at org.elasticsearch.common.netty.channel.socket.nio.NioWorker.read(NioWorker.java:88)
	at org.elasticsearch.common.netty.channel.socket.nio.AbstractNioWorker.process(AbstractNioWorker.java:108)
	at org.elasticsearch.common.netty.channel.socket.nio.AbstractNioSelector.run(AbstractNioSelector.java:337)
	at org.elasticsearch.common.netty.channel.socket.nio.AbstractNioWorker.run(AbstractNioWorker.java:89)
	at org.elasticsearch.common.netty.channel.socket.nio.NioWorker.run(NioWorker.java:178)
	at org.elasticsearch.common.netty.util.ThreadRenamingRunnable.run(ThreadRenamingRunnable.java:108)
	at org.elasticsearch.common.netty.util.internal.DeadLockProofWorker$1.run(DeadLockProofWorker.java:42)
	at java.util.concurrent.ThreadPoolExecutor.runWorker(ThreadPoolExecutor.java:1142)
	at java.util.concurrent.ThreadPoolExecutor$Worker.run(ThreadPoolExecutor.java:617)
	at java.lang.Thread.run(Thread.java:745)
[2015-04-07 19:41:27,789][INFO ][node                     ] [Lilith, the Daughter of Dracula ] stopping ...
[2015-04-07 19:41:27,808][INFO ][cluster.service          ] [Jessica Drew] removed {[Lilith, the Daughter of Dracula ][Kj1YZn-7Q3uq73jCJmvJ0Q][PO][inet[/192.168.1.9:9301]],}, reason: zen-disco-node_left([Lilith, the Daughter of Dracula ][Kj1YZn-7Q3uq73jCJmvJ0Q][PO][inet[/192.168.1.9:9301]])
[2015-04-07 19:41:27,854][INFO ][node                     ] [Lilith, the Daughter of Dracula ] stopped
[2015-04-07 19:41:27,854][INFO ][node                     ] [Lilith, the Daughter of Dracula ] closing ...
[2015-04-07 19:41:27,860][INFO ][node                     ] [Lilith, the Daughter of Dracula ] closed
[2015-04-07 19:41:33,962][INFO ][node                     ] [Mephisto] version[1.5.0], pid[470], build[5448160/2015-03-23T14:30:58Z]
[2015-04-07 19:41:33,962][INFO ][node                     ] [Mephisto] initializing ...
[2015-04-07 19:41:33,965][INFO ][plugins                  ] [Mephisto] loaded [], sites []
[2015-04-07 19:41:35,689][INFO ][node                     ] [Mephisto] initialized
[2015-04-07 19:41:35,690][INFO ][node                     ] [Mephisto] starting ...
[2015-04-07 19:41:35,800][INFO ][transport                ] [Mephisto] bound_address {inet[/0:0:0:0:0:0:0:0:9301]}, publish_address {inet[/192.168.1.9:9301]}
[2015-04-07 19:41:35,815][INFO ][discovery                ] [Mephisto] elasticsearch/sFxb71uFTquo7pYOV8sy3Q
[2015-04-07 19:41:38,868][INFO ][cluster.service          ] [Jessica Drew] added {[Mephisto][sFxb71uFTquo7pYOV8sy3Q][PO][inet[/192.168.1.9:9301]],}, reason: zen-disco-receive(join from node[[Mephisto][sFxb71uFTquo7pYOV8sy3Q][PO][inet[/192.168.1.9:9301]]])
[2015-04-07 19:41:38,891][INFO ][cluster.service          ] [Mephisto] detected_master [Jessica Drew][3lYdYD_sTfG7bjXL1XaILg][PO][inet[/192.168.1.9:9300]], added {[Jessica Drew][3lYdYD_sTfG7bjXL1XaILg][PO][inet[/192.168.1.9:9300]],}, reason: zen-disco-receive(from master [[Jessica Drew][3lYdYD_sTfG7bjXL1XaILg][PO][inet[/192.168.1.9:9300]]])
[2015-04-07 19:41:39,010][INFO ][http                     ] [Mephisto] bound_address {inet[/0:0:0:0:0:0:0:0:9201]}, publish_address {inet[/192.168.1.9:9201]}
[2015-04-07 19:41:39,011][INFO ][node                     ] [Mephisto] started
[2015-04-07 20:06:56,785][INFO ][cluster.metadata         ] [Jessica Drew] [projects_development_20150407200656677] creating index, cause [api], templates [], shards [5]/[1], mappings [_default_]
[2015-04-07 20:06:57,987][INFO ][cluster.metadata         ] [Jessica Drew] [projects_development_20150407200656677] update_mapping [project] (dynamic)
[2015-04-07 20:06:58,094][INFO ][cluster.metadata         ] [Jessica Drew] [projects_development_20150407200656677] update_mapping [project] (dynamic)
[2015-04-07 20:06:59,109][INFO ][cluster.metadata         ] [Jessica Drew] [projects_development_20150407155238033] deleting index
[2015-04-07 20:06:59,189][INFO ][cluster.metadata         ] [Jessica Drew] [projects_development_20150407165628991] deleting index
[2015-04-07 20:07:08,722][INFO ][cluster.metadata         ] [Jessica Drew] [programs_development_20150407200708679] creating index, cause [api], templates [], shards [5]/[1], mappings [_default_]
[2015-04-07 20:07:09,805][INFO ][cluster.metadata         ] [Jessica Drew] [programs_development_20150407155259443] deleting index
[2015-04-07 20:07:18,815][INFO ][cluster.metadata         ] [Jessica Drew] [users_development_20150407200718779] creating index, cause [api], templates [], shards [5]/[1], mappings [_default_]
[2015-04-07 20:07:20,054][INFO ][cluster.metadata         ] [Jessica Drew] [users_development_20150407155317123] deleting index
[2015-04-07 20:08:03,029][INFO ][cluster.metadata         ] [Jessica Drew] [programs_development_20150407200708679] update_mapping [program] (dynamic)
[2015-04-07 20:08:03,337][INFO ][cluster.metadata         ] [Jessica Drew] [users_development_20150407200718779] update_mapping [user] (dynamic)
[2015-04-07 20:08:14,619][INFO ][cluster.metadata         ] [Jessica Drew] [projects_development_20150407200814581] creating index, cause [api], templates [], shards [5]/[1], mappings [_default_]
[2015-04-07 20:08:15,867][INFO ][cluster.metadata         ] [Jessica Drew] [projects_development_20150407200814581] update_mapping [project] (dynamic)
[2015-04-07 20:08:16,610][INFO ][cluster.metadata         ] [Jessica Drew] [projects_development_20150407200656677] deleting index
[2015-04-07 20:08:19,673][INFO ][cluster.metadata         ] [Jessica Drew] [programs_development_20150407200819637] creating index, cause [api], templates [], shards [5]/[1], mappings [_default_]
[2015-04-07 20:08:21,925][INFO ][cluster.metadata         ] [Jessica Drew] [programs_development_20150407200819637] update_mapping [program] (dynamic)
[2015-04-07 20:08:22,065][INFO ][cluster.metadata         ] [Jessica Drew] [programs_development_20150407200708679] deleting index
[2015-04-07 20:08:24,927][INFO ][cluster.metadata         ] [Jessica Drew] [users_development_20150407200824895] creating index, cause [api], templates [], shards [5]/[1], mappings [_default_]
[2015-04-07 20:08:26,919][INFO ][cluster.metadata         ] [Jessica Drew] [users_development_20150407200824895] update_mapping [user] (dynamic)
[2015-04-07 20:08:27,011][INFO ][cluster.metadata         ] [Jessica Drew] [users_development_20150407200718779] deleting index
[2015-04-07 22:31:06,588][INFO ][cluster.metadata         ] [Jessica Drew] [programs_development_20150407223106523] creating index, cause [api], templates [], shards [5]/[1], mappings [_default_]
[2015-04-07 22:31:07,633][INFO ][cluster.metadata         ] [Jessica Drew] [programs_development_20150407223106523] update_mapping [program] (dynamic)
[2015-04-07 22:31:08,855][INFO ][cluster.metadata         ] [Jessica Drew] [programs_development_20150407200819637] deleting index
[2015-04-07 22:31:16,404][INFO ][cluster.metadata         ] [Jessica Drew] [users_development_20150407223116383] creating index, cause [api], templates [], shards [5]/[1], mappings [_default_]
[2015-04-07 22:31:17,648][INFO ][cluster.metadata         ] [Jessica Drew] [users_development_20150407223116383] update_mapping [user] (dynamic)
[2015-04-07 22:31:18,436][INFO ][cluster.metadata         ] [Jessica Drew] [users_development_20150407200824895] deleting index
[2015-04-07 22:31:26,897][INFO ][cluster.metadata         ] [Jessica Drew] [projects_development_20150407223126869] creating index, cause [api], templates [], shards [5]/[1], mappings [_default_]
[2015-04-07 22:31:28,762][INFO ][cluster.metadata         ] [Jessica Drew] [projects_development_20150407223126869] update_mapping [project] (dynamic)
[2015-04-07 22:31:28,884][INFO ][cluster.metadata         ] [Jessica Drew] [projects_development_20150407200814581] deleting index
